SUBJECTS_DIR : /usr/local/freesurfer/subjects
Parsing the .stats files
Building the table..
Writing the table to asegstats_vol_2020-11-10_1808.txt
SUBJECTS_DIR : /usr/local/freesurfer/subjects
Parsing the .stats files
Building the table..
Writing the table to lhaparc_vol_2020-11-10_1808.txt
SUBJECTS_DIR : /usr/local/freesurfer/subjects
Parsing the .stats files
Building the table..
Writing the table to rhaparc_vol_2020-11-10_1808.txt
SUBJECTS_DIR : /usr/local/freesurfer/subjects
Parsing the .stats files
Building the table..
Writing the table to lhaparc_area_2020-11-10_1808.txt
SUBJECTS_DIR : /usr/local/freesurfer/subjects
Parsing the .stats files
Building the table..
Writing the table to rhaparc_area_2020-11-10_1808.txt
SUBJECTS_DIR : /usr/local/freesurfer/subjects
Parsing the .stats files
Building the table..
Writing the table to lhaparc_thick_2020-11-10_1808.txt
SUBJECTS_DIR : /usr/local/freesurfer/subjects
Parsing the .stats files
Building the table..
Writing the table to rhaparc_thick_2020-11-10_1808.txt
